<?xml version="1.0" encoding="UTF-8"?>
<testsuite xmlns:xsi="http://www.w3.org/2001/XMLSchema-instance" xsi:noNamespaceSchemaLocation="https://maven.apache.org/surefire/maven-surefire-plugin/xsd/surefire-test-report-3.0.xsd" version="3.0" name="com.my.company.AppTest" time="0.018" tests="1" errors="0" skipped="0" failures="0">
  <properties>
    <property name="java.specification.version" value="21"/>
    <property name="sun.jnu.encoding" value="UTF-8"/>
    <property name="java.class.path" value="/home/explorer436/Downloads/GitRepositories/programming-playground/java-playground/my-implementations/java-multithreading-and-concurrency-demo/java-thread-synchronization/target/test-classes:/home/explorer436/Downloads/GitRepositories/programming-playground/java-playground/my-implementations/java-multithreading-and-concurrency-demo/java-thread-synchronization/target/classes:/home/explorer436/.m2/repository/junit/junit/3.8.1/junit-3.8.1.jar:"/>
    <property name="java.vm.vendor" value="Azul Systems, Inc."/>
    <property name="sun.arch.data.model" value="64"/>
    <property name="java.vendor.url" value="http://www.azul.com/"/>
    <property name="os.name" value="Linux"/>
    <property name="java.vm.specification.version" value="21"/>
    <property name="sun.java.launcher" value="SUN_STANDARD"/>
    <property name="user.country" value="US"/>
    <property name="sun.boot.library.path" value="/home/explorer436/.sdkman/candidates/java/21.0.6-zulu/lib"/>
    <property name="sun.java.command" value="/home/explorer436/Downloads/GitRepositories/programming-playground/java-playground/my-implementations/java-multithreading-and-concurrency-demo/java-thread-synchronization/target/surefire/surefirebooter-20250706191805116_18.jar /home/explorer436/Downloads/GitRepositories/programming-playground/java-playground/my-implementations/java-multithreading-and-concurrency-demo/java-thread-synchronization/target/surefire 2025-07-06T19-17-56_867-jvmRun1 surefire-20250706191805116_16tmp surefire_4-20250706191805116_17tmp"/>
    <property name="jdk.debug" value="release"/>
    <property name="surefire.test.class.path" value="/home/explorer436/Downloads/GitRepositories/programming-playground/java-playground/my-implementations/java-multithreading-and-concurrency-demo/java-thread-synchronization/target/test-classes:/home/explorer436/Downloads/GitRepositories/programming-playground/java-playground/my-implementations/java-multithreading-and-concurrency-demo/java-thread-synchronization/target/classes:/home/explorer436/.m2/repository/junit/junit/3.8.1/junit-3.8.1.jar:"/>
    <property name="sun.cpu.endian" value="little"/>
    <property name="user.home" value="/home/explorer436"/>
    <property name="user.language" value="en"/>
    <property name="java.specification.vendor" value="Oracle Corporation"/>
    <property name="java.version.date" value="2025-01-21"/>
    <property name="java.home" value="/home/explorer436/.sdkman/candidates/java/21.0.6-zulu"/>
    <property name="file.separator" value="/"/>
    <property name="basedir" value="/home/explorer436/Downloads/GitRepositories/programming-playground/java-playground/my-implementations/java-multithreading-and-concurrency-demo/java-thread-synchronization"/>
    <property name="java.vm.compressedOopsMode" value="Zero based"/>
    <property name="line.separator" value="&#10;"/>
    <property name="java.specification.name" value="Java Platform API Specification"/>
    <property name="java.vm.specification.vendor" value="Oracle Corporation"/>
    <property name="surefire.real.class.path" value="/home/explorer436/Downloads/GitRepositories/programming-playground/java-playground/my-implementations/java-multithreading-and-concurrency-demo/java-thread-synchronization/target/surefire/surefirebooter-20250706191805116_18.jar"/>
    <property name="sun.management.compiler" value="HotSpot 64-Bit Tiered Compilers"/>
    <property name="java.runtime.version" value="21.0.6+7-LTS"/>
    <property name="user.name" value="explorer436"/>
    <property name="stdout.encoding" value="UTF-8"/>
    <property name="path.separator" value=":"/>
    <property name="os.version" value="6.14.6-arch1-1"/>
    <property name="java.runtime.name" value="OpenJDK Runtime Environment"/>
    <property name="file.encoding" value="UTF-8"/>
    <property name="java.vm.name" value="OpenJDK 64-Bit Server VM"/>
    <property name="java.vendor.version" value="Zulu21.40+17-CA"/>
    <property name="localRepository" value="/home/explorer436/.m2/repository"/>
    <property name="java.vendor.url.bug" value="http://www.azul.com/support/"/>
    <property name="java.io.tmpdir" value="/tmp"/>
    <property name="idea.version" value="2025.1.1.1"/>
    <property name="java.version" value="21.0.6"/>
    <property name="user.dir" value="/home/explorer436/Downloads/GitRepositories/programming-playground/java-playground/my-implementations/java-multithreading-and-concurrency-demo/java-thread-synchronization"/>
    <property name="os.arch" value="amd64"/>
    <property name="java.vm.specification.name" value="Java Virtual Machine Specification"/>
    <property name="native.encoding" value="UTF-8"/>
    <property name="java.library.path" value="/usr/java/packages/lib:/usr/lib64:/lib64:/lib:/usr/lib"/>
    <property name="java.vm.info" value="mixed mode, sharing"/>
    <property name="stderr.encoding" value="UTF-8"/>
    <property name="java.vendor" value="Azul Systems, Inc."/>
    <property name="java.vm.version" value="21.0.6+7-LTS"/>
    <property name="sun.io.unicode.encoding" value="UnicodeLittle"/>
    <property name="java.class.version" value="65.0"/>
  </properties>
  <testcase name="testApp" classname="com.my.company.AppTest" time="0.002"/>
</testsuite>