<?xml version="1.0" encoding="UTF-8"?>
<testsuite xmlns:xsi="http://www.w3.org/2001/XMLSchema-instance" xsi:noNamespaceSchemaLocation="https://maven.apache.org/surefire/maven-surefire-plugin/xsd/surefire-test-report-3.0.xsd" version="3.0" name="com.example.google_calendar_client.GoogleCalendarClientApplicationTests" time="1.762" tests="1" errors="0" skipped="0" failures="0">
  <properties>
    <property name="java.specification.version" value="21"/>
    <property name="sun.jnu.encoding" value="UTF-8"/>
    <property name="java.class.path" value="/home/explorer436/Downloads/GitRepositories/programming-playground/java-playground/my-calendar-utilities/google-calendar-client/target/test-classes:/home/explorer436/Downloads/GitRepositories/programming-playground/java-playground/my-calendar-utilities/google-calendar-client/target/classes:/home/explorer436/.m2/repository/org/springframework/boot/spring-boot-starter/3.3.3/spring-boot-starter-3.3.3.jar:/home/explorer436/.m2/repository/org/springframework/boot/spring-boot/3.3.3/spring-boot-3.3.3.jar:/home/explorer436/.m2/repository/org/springframework/spring-context/6.1.12/spring-context-6.1.12.jar:/home/explorer436/.m2/repository/org/springframework/spring-aop/6.1.12/spring-aop-6.1.12.jar:/home/explorer436/.m2/repository/org/springframework/spring-beans/6.1.12/spring-beans-6.1.12.jar:/home/explorer436/.m2/repository/org/springframework/spring-expression/6.1.12/spring-expression-6.1.12.jar:/home/explorer436/.m2/repository/io/micrometer/micrometer-observation/1.13.3/micrometer-observation-1.13.3.jar:/home/explorer436/.m2/repository/io/micrometer/micrometer-commons/1.13.3/micrometer-commons-1.13.3.jar:/home/explorer436/.m2/repository/org/springframework/boot/spring-boot-autoconfigure/3.3.3/spring-boot-autoconfigure-3.3.3.jar:/home/explorer436/.m2/repository/org/springframework/boot/spring-boot-starter-logging/3.3.3/spring-boot-starter-logging-3.3.3.jar:/home/explorer436/.m2/repository/ch/qos/logback/logback-classic/1.5.7/logback-classic-1.5.7.jar:/home/explorer436/.m2/repository/ch/qos/logback/logback-core/1.5.7/logback-core-1.5.7.jar:/home/explorer436/.m2/repository/org/apache/logging/log4j/log4j-to-slf4j/2.23.1/log4j-to-slf4j-2.23.1.jar:/home/explorer436/.m2/repository/org/apache/logging/log4j/log4j-api/2.23.1/log4j-api-2.23.1.jar:/home/explorer436/.m2/repository/org/slf4j/jul-to-slf4j/2.0.16/jul-to-slf4j-2.0.16.jar:/home/explorer436/.m2/repository/jakarta/annotation/jakarta.annotation-api/2.1.1/jakarta.annotation-api-2.1.1.jar:/home/explorer436/.m2/repository/org/springframework/spring-core/6.1.12/spring-core-6.1.12.jar:/home/explorer436/.m2/repository/org/springframework/spring-jcl/6.1.12/spring-jcl-6.1.12.jar:/home/explorer436/.m2/repository/org/yaml/snakeyaml/2.2/snakeyaml-2.2.jar:/home/explorer436/.m2/repository/org/springframework/boot/spring-boot-starter-test/3.3.3/spring-boot-starter-test-3.3.3.jar:/home/explorer436/.m2/repository/org/springframework/boot/spring-boot-test/3.3.3/spring-boot-test-3.3.3.jar:/home/explorer436/.m2/repository/org/springframework/boot/spring-boot-test-autoconfigure/3.3.3/spring-boot-test-autoconfigure-3.3.3.jar:/home/explorer436/.m2/repository/com/jayway/jsonpath/json-path/2.9.0/json-path-2.9.0.jar:/home/explorer436/.m2/repository/org/slf4j/slf4j-api/2.0.16/slf4j-api-2.0.16.jar:/home/explorer436/.m2/repository/jakarta/xml/bind/jakarta.xml.bind-api/4.0.2/jakarta.xml.bind-api-4.0.2.jar:/home/explorer436/.m2/repository/jakarta/activation/jakarta.activation-api/2.1.3/jakarta.activation-api-2.1.3.jar:/home/explorer436/.m2/repository/net/minidev/json-smart/2.5.1/json-smart-2.5.1.jar:/home/explorer436/.m2/repository/net/minidev/accessors-smart/2.5.1/accessors-smart-2.5.1.jar:/home/explorer436/.m2/repository/org/ow2/asm/asm/9.6/asm-9.6.jar:/home/explorer436/.m2/repository/org/assertj/assertj-core/3.25.3/assertj-core-3.25.3.jar:/home/explorer436/.m2/repository/net/bytebuddy/byte-buddy/1.14.19/byte-buddy-1.14.19.jar:/home/explorer436/.m2/repository/org/awaitility/awaitility/4.2.2/awaitility-4.2.2.jar:/home/explorer436/.m2/repository/org/hamcrest/hamcrest/2.2/hamcrest-2.2.jar:/home/explorer436/.m2/repository/org/junit/jupiter/junit-jupiter/5.10.3/junit-jupiter-5.10.3.jar:/home/explorer436/.m2/repository/org/junit/jupiter/junit-jupiter-api/5.10.3/junit-jupiter-api-5.10.3.jar:/home/explorer436/.m2/repository/org/opentest4j/opentest4j/1.3.0/opentest4j-1.3.0.jar:/home/explorer436/.m2/repository/org/junit/platform/junit-platform-commons/1.10.3/junit-platform-commons-1.10.3.jar:/home/explorer436/.m2/repository/org/apiguardian/apiguardian-api/1.1.2/apiguardian-api-1.1.2.jar:/home/explorer436/.m2/repository/org/junit/jupiter/junit-jupiter-params/5.10.3/junit-jupiter-params-5.10.3.jar:/home/explorer436/.m2/repository/org/junit/jupiter/junit-jupiter-engine/5.10.3/junit-jupiter-engine-5.10.3.jar:/home/explorer436/.m2/repository/org/junit/platform/junit-platform-engine/1.10.3/junit-platform-engine-1.10.3.jar:/home/explorer436/.m2/repository/org/mockito/mockito-core/5.11.0/mockito-core-5.11.0.jar:/home/explorer436/.m2/repository/net/bytebuddy/byte-buddy-agent/1.14.19/byte-buddy-agent-1.14.19.jar:/home/explorer436/.m2/repository/org/objenesis/objenesis/3.3/objenesis-3.3.jar:/home/explorer436/.m2/repository/org/mockito/mockito-junit-jupiter/5.11.0/mockito-junit-jupiter-5.11.0.jar:/home/explorer436/.m2/repository/org/skyscreamer/jsonassert/1.5.3/jsonassert-1.5.3.jar:/home/explorer436/.m2/repository/com/vaadin/external/google/android-json/0.0.20131108.vaadin1/android-json-0.0.20131108.vaadin1.jar:/home/explorer436/.m2/repository/org/springframework/spring-test/6.1.12/spring-test-6.1.12.jar:/home/explorer436/.m2/repository/org/xmlunit/xmlunit-core/2.9.1/xmlunit-core-2.9.1.jar:/home/explorer436/.m2/repository/com/google/api-client/google-api-client/2.0.0/google-api-client-2.0.0.jar:/home/explorer436/.m2/repository/com/google/oauth-client/google-oauth-client/1.34.1/google-oauth-client-1.34.1.jar:/home/explorer436/.m2/repository/com/google/http-client/google-http-client-gson/1.42.1/google-http-client-gson-1.42.1.jar:/home/explorer436/.m2/repository/com/google/code/gson/gson/2.10.1/gson-2.10.1.jar:/home/explorer436/.m2/repository/com/google/guava/guava/31.1-jre/guava-31.1-jre.jar:/home/explorer436/.m2/repository/com/google/guava/failureaccess/1.0.1/failureaccess-1.0.1.jar:/home/explorer436/.m2/repository/com/google/guava/listenablefuture/9999.0-empty-to-avoid-conflict-with-guava/listenablefuture-9999.0-empty-to-avoid-conflict-with-guava.jar:/home/explorer436/.m2/repository/com/google/code/findbugs/jsr305/3.0.2/jsr305-3.0.2.jar:/home/explorer436/.m2/repository/org/checkerframework/checker-qual/3.12.0/checker-qual-3.12.0.jar:/home/explorer436/.m2/repository/com/google/errorprone/error_prone_annotations/2.11.0/error_prone_annotations-2.11.0.jar:/home/explorer436/.m2/repository/com/google/j2objc/j2objc-annotations/1.3/j2objc-annotations-1.3.jar:/home/explorer436/.m2/repository/com/google/http-client/google-http-client-apache-v2/1.42.1/google-http-client-apache-v2-1.42.1.jar:/home/explorer436/.m2/repository/org/apache/httpcomponents/httpcore/4.4.16/httpcore-4.4.16.jar:/home/explorer436/.m2/repository/org/apache/httpcomponents/httpclient/4.5.13/httpclient-4.5.13.jar:/home/explorer436/.m2/repository/commons-logging/commons-logging/1.2/commons-logging-1.2.jar:/home/explorer436/.m2/repository/commons-codec/commons-codec/1.16.1/commons-codec-1.16.1.jar:/home/explorer436/.m2/repository/com/google/http-client/google-http-client/1.42.1/google-http-client-1.42.1.jar:/home/explorer436/.m2/repository/io/opencensus/opencensus-api/0.31.1/opencensus-api-0.31.1.jar:/home/explorer436/.m2/repository/io/grpc/grpc-context/1.27.2/grpc-context-1.27.2.jar:/home/explorer436/.m2/repository/io/opencensus/opencensus-contrib-http-util/0.31.1/opencensus-contrib-http-util-0.31.1.jar:/home/explorer436/.m2/repository/com/google/oauth-client/google-oauth-client-jetty/1.34.1/google-oauth-client-jetty-1.34.1.jar:/home/explorer436/.m2/repository/com/google/oauth-client/google-oauth-client-java6/1.34.1/google-oauth-client-java6-1.34.1.jar:/home/explorer436/.m2/repository/com/google/apis/google-api-services-calendar/v3-rev20220715-2.0.0/google-api-services-calendar-v3-rev20220715-2.0.0.jar:"/>
    <property name="java.vm.vendor" value="Azul Systems, Inc."/>
    <property name="sun.arch.data.model" value="64"/>
    <property name="java.vendor.url" value="http://www.azul.com/"/>
    <property name="user.timezone" value="America/New_York"/>
    <property name="os.name" value="Linux"/>
    <property name="java.vm.specification.version" value="21"/>
    <property name="sun.java.launcher" value="SUN_STANDARD"/>
    <property name="user.country" value="US"/>
    <property name="sun.boot.library.path" value="/home/explorer436/.sdkman/candidates/java/21.0.3-zulu/lib"/>
    <property name="sun.java.command" value="/home/explorer436/Downloads/GitRepositories/programming-playground/java-playground/my-calendar-utilities/google-calendar-client/target/surefire/surefirebooter-20240919115927595_3.jar /home/explorer436/Downloads/GitRepositories/programming-playground/java-playground/my-calendar-utilities/google-calendar-client/target/surefire 2024-09-19T11-59-27_511-jvmRun1 surefire-20240919115927595_1tmp surefire_0-20240919115927595_2tmp"/>
    <property name="jdk.debug" value="release"/>
    <property name="surefire.test.class.path" value="/home/explorer436/Downloads/GitRepositories/programming-playground/java-playground/my-calendar-utilities/google-calendar-client/target/test-classes:/home/explorer436/Downloads/GitRepositories/programming-playground/java-playground/my-calendar-utilities/google-calendar-client/target/classes:/home/explorer436/.m2/repository/org/springframework/boot/spring-boot-starter/3.3.3/spring-boot-starter-3.3.3.jar:/home/explorer436/.m2/repository/org/springframework/boot/spring-boot/3.3.3/spring-boot-3.3.3.jar:/home/explorer436/.m2/repository/org/springframework/spring-context/6.1.12/spring-context-6.1.12.jar:/home/explorer436/.m2/repository/org/springframework/spring-aop/6.1.12/spring-aop-6.1.12.jar:/home/explorer436/.m2/repository/org/springframework/spring-beans/6.1.12/spring-beans-6.1.12.jar:/home/explorer436/.m2/repository/org/springframework/spring-expression/6.1.12/spring-expression-6.1.12.jar:/home/explorer436/.m2/repository/io/micrometer/micrometer-observation/1.13.3/micrometer-observation-1.13.3.jar:/home/explorer436/.m2/repository/io/micrometer/micrometer-commons/1.13.3/micrometer-commons-1.13.3.jar:/home/explorer436/.m2/repository/org/springframework/boot/spring-boot-autoconfigure/3.3.3/spring-boot-autoconfigure-3.3.3.jar:/home/explorer436/.m2/repository/org/springframework/boot/spring-boot-starter-logging/3.3.3/spring-boot-starter-logging-3.3.3.jar:/home/explorer436/.m2/repository/ch/qos/logback/logback-classic/1.5.7/logback-classic-1.5.7.jar:/home/explorer436/.m2/repository/ch/qos/logback/logback-core/1.5.7/logback-core-1.5.7.jar:/home/explorer436/.m2/repository/org/apache/logging/log4j/log4j-to-slf4j/2.23.1/log4j-to-slf4j-2.23.1.jar:/home/explorer436/.m2/repository/org/apache/logging/log4j/log4j-api/2.23.1/log4j-api-2.23.1.jar:/home/explorer436/.m2/repository/org/slf4j/jul-to-slf4j/2.0.16/jul-to-slf4j-2.0.16.jar:/home/explorer436/.m2/repository/jakarta/annotation/jakarta.annotation-api/2.1.1/jakarta.annotation-api-2.1.1.jar:/home/explorer436/.m2/repository/org/springframework/spring-core/6.1.12/spring-core-6.1.12.jar:/home/explorer436/.m2/repository/org/springframework/spring-jcl/6.1.12/spring-jcl-6.1.12.jar:/home/explorer436/.m2/repository/org/yaml/snakeyaml/2.2/snakeyaml-2.2.jar:/home/explorer436/.m2/repository/org/springframework/boot/spring-boot-starter-test/3.3.3/spring-boot-starter-test-3.3.3.jar:/home/explorer436/.m2/repository/org/springframework/boot/spring-boot-test/3.3.3/spring-boot-test-3.3.3.jar:/home/explorer436/.m2/repository/org/springframework/boot/spring-boot-test-autoconfigure/3.3.3/spring-boot-test-autoconfigure-3.3.3.jar:/home/explorer436/.m2/repository/com/jayway/jsonpath/json-path/2.9.0/json-path-2.9.0.jar:/home/explorer436/.m2/repository/org/slf4j/slf4j-api/2.0.16/slf4j-api-2.0.16.jar:/home/explorer436/.m2/repository/jakarta/xml/bind/jakarta.xml.bind-api/4.0.2/jakarta.xml.bind-api-4.0.2.jar:/home/explorer436/.m2/repository/jakarta/activation/jakarta.activation-api/2.1.3/jakarta.activation-api-2.1.3.jar:/home/explorer436/.m2/repository/net/minidev/json-smart/2.5.1/json-smart-2.5.1.jar:/home/explorer436/.m2/repository/net/minidev/accessors-smart/2.5.1/accessors-smart-2.5.1.jar:/home/explorer436/.m2/repository/org/ow2/asm/asm/9.6/asm-9.6.jar:/home/explorer436/.m2/repository/org/assertj/assertj-core/3.25.3/assertj-core-3.25.3.jar:/home/explorer436/.m2/repository/net/bytebuddy/byte-buddy/1.14.19/byte-buddy-1.14.19.jar:/home/explorer436/.m2/repository/org/awaitility/awaitility/4.2.2/awaitility-4.2.2.jar:/home/explorer436/.m2/repository/org/hamcrest/hamcrest/2.2/hamcrest-2.2.jar:/home/explorer436/.m2/repository/org/junit/jupiter/junit-jupiter/5.10.3/junit-jupiter-5.10.3.jar:/home/explorer436/.m2/repository/org/junit/jupiter/junit-jupiter-api/5.10.3/junit-jupiter-api-5.10.3.jar:/home/explorer436/.m2/repository/org/opentest4j/opentest4j/1.3.0/opentest4j-1.3.0.jar:/home/explorer436/.m2/repository/org/junit/platform/junit-platform-commons/1.10.3/junit-platform-commons-1.10.3.jar:/home/explorer436/.m2/repository/org/apiguardian/apiguardian-api/1.1.2/apiguardian-api-1.1.2.jar:/home/explorer436/.m2/repository/org/junit/jupiter/junit-jupiter-params/5.10.3/junit-jupiter-params-5.10.3.jar:/home/explorer436/.m2/repository/org/junit/jupiter/junit-jupiter-engine/5.10.3/junit-jupiter-engine-5.10.3.jar:/home/explorer436/.m2/repository/org/junit/platform/junit-platform-engine/1.10.3/junit-platform-engine-1.10.3.jar:/home/explorer436/.m2/repository/org/mockito/mockito-core/5.11.0/mockito-core-5.11.0.jar:/home/explorer436/.m2/repository/net/bytebuddy/byte-buddy-agent/1.14.19/byte-buddy-agent-1.14.19.jar:/home/explorer436/.m2/repository/org/objenesis/objenesis/3.3/objenesis-3.3.jar:/home/explorer436/.m2/repository/org/mockito/mockito-junit-jupiter/5.11.0/mockito-junit-jupiter-5.11.0.jar:/home/explorer436/.m2/repository/org/skyscreamer/jsonassert/1.5.3/jsonassert-1.5.3.jar:/home/explorer436/.m2/repository/com/vaadin/external/google/android-json/0.0.20131108.vaadin1/android-json-0.0.20131108.vaadin1.jar:/home/explorer436/.m2/repository/org/springframework/spring-test/6.1.12/spring-test-6.1.12.jar:/home/explorer436/.m2/repository/org/xmlunit/xmlunit-core/2.9.1/xmlunit-core-2.9.1.jar:/home/explorer436/.m2/repository/com/google/api-client/google-api-client/2.0.0/google-api-client-2.0.0.jar:/home/explorer436/.m2/repository/com/google/oauth-client/google-oauth-client/1.34.1/google-oauth-client-1.34.1.jar:/home/explorer436/.m2/repository/com/google/http-client/google-http-client-gson/1.42.1/google-http-client-gson-1.42.1.jar:/home/explorer436/.m2/repository/com/google/code/gson/gson/2.10.1/gson-2.10.1.jar:/home/explorer436/.m2/repository/com/google/guava/guava/31.1-jre/guava-31.1-jre.jar:/home/explorer436/.m2/repository/com/google/guava/failureaccess/1.0.1/failureaccess-1.0.1.jar:/home/explorer436/.m2/repository/com/google/guava/listenablefuture/9999.0-empty-to-avoid-conflict-with-guava/listenablefuture-9999.0-empty-to-avoid-conflict-with-guava.jar:/home/explorer436/.m2/repository/com/google/code/findbugs/jsr305/3.0.2/jsr305-3.0.2.jar:/home/explorer436/.m2/repository/org/checkerframework/checker-qual/3.12.0/checker-qual-3.12.0.jar:/home/explorer436/.m2/repository/com/google/errorprone/error_prone_annotations/2.11.0/error_prone_annotations-2.11.0.jar:/home/explorer436/.m2/repository/com/google/j2objc/j2objc-annotations/1.3/j2objc-annotations-1.3.jar:/home/explorer436/.m2/repository/com/google/http-client/google-http-client-apache-v2/1.42.1/google-http-client-apache-v2-1.42.1.jar:/home/explorer436/.m2/repository/org/apache/httpcomponents/httpcore/4.4.16/httpcore-4.4.16.jar:/home/explorer436/.m2/repository/org/apache/httpcomponents/httpclient/4.5.13/httpclient-4.5.13.jar:/home/explorer436/.m2/repository/commons-logging/commons-logging/1.2/commons-logging-1.2.jar:/home/explorer436/.m2/repository/commons-codec/commons-codec/1.16.1/commons-codec-1.16.1.jar:/home/explorer436/.m2/repository/com/google/http-client/google-http-client/1.42.1/google-http-client-1.42.1.jar:/home/explorer436/.m2/repository/io/opencensus/opencensus-api/0.31.1/opencensus-api-0.31.1.jar:/home/explorer436/.m2/repository/io/grpc/grpc-context/1.27.2/grpc-context-1.27.2.jar:/home/explorer436/.m2/repository/io/opencensus/opencensus-contrib-http-util/0.31.1/opencensus-contrib-http-util-0.31.1.jar:/home/explorer436/.m2/repository/com/google/oauth-client/google-oauth-client-jetty/1.34.1/google-oauth-client-jetty-1.34.1.jar:/home/explorer436/.m2/repository/com/google/oauth-client/google-oauth-client-java6/1.34.1/google-oauth-client-java6-1.34.1.jar:/home/explorer436/.m2/repository/com/google/apis/google-api-services-calendar/v3-rev20220715-2.0.0/google-api-services-calendar-v3-rev20220715-2.0.0.jar:"/>
    <property name="sun.cpu.endian" value="little"/>
    <property name="user.home" value="/home/explorer436"/>
    <property name="user.language" value="en"/>
    <property name="java.specification.vendor" value="Oracle Corporation"/>
    <property name="java.version.date" value="2024-04-16"/>
    <property name="java.home" value="/home/explorer436/.sdkman/candidates/java/21.0.3-zulu"/>
    <property name="file.separator" value="/"/>
    <property name="basedir" value="/home/explorer436/Downloads/GitRepositories/programming-playground/java-playground/my-calendar-utilities/google-calendar-client"/>
    <property name="java.vm.compressedOopsMode" value="Zero based"/>
    <property name="line.separator" value="&#10;"/>
    <property name="java.vm.specification.vendor" value="Oracle Corporation"/>
    <property name="java.specification.name" value="Java Platform API Specification"/>
    <property name="FILE_LOG_CHARSET" value="UTF-8"/>
    <property name="java.awt.headless" value="true"/>
    <property name="surefire.real.class.path" value="/home/explorer436/Downloads/GitRepositories/programming-playground/java-playground/my-calendar-utilities/google-calendar-client/target/surefire/surefirebooter-20240919115927595_3.jar"/>
    <property name="sun.management.compiler" value="HotSpot 64-Bit Tiered Compilers"/>
    <property name="java.runtime.version" value="21.0.3+9-LTS"/>
    <property name="user.name" value="explorer436"/>
    <property name="stdout.encoding" value="UTF-8"/>
    <property name="path.separator" value=":"/>
    <property name="os.version" value="6.10.6-arch1-1"/>
    <property name="java.runtime.name" value="OpenJDK Runtime Environment"/>
    <property name="file.encoding" value="UTF-8"/>
    <property name="java.vm.name" value="OpenJDK 64-Bit Server VM"/>
    <property name="java.vendor.version" value="Zulu21.34+19-CA"/>
    <property name="localRepository" value="/home/explorer436/.m2/repository"/>
    <property name="java.vendor.url.bug" value="http://www.azul.com/support/"/>
    <property name="java.io.tmpdir" value="/tmp"/>
    <property name="java.version" value="21.0.3"/>
    <property name="user.dir" value="/home/explorer436/Downloads/GitRepositories/programming-playground/java-playground/my-calendar-utilities/google-calendar-client"/>
    <property name="os.arch" value="amd64"/>
    <property name="java.vm.specification.name" value="Java Virtual Machine Specification"/>
    <property name="PID" value="3262658"/>
    <property name="CONSOLE_LOG_CHARSET" value="UTF-8"/>
    <property name="native.encoding" value="UTF-8"/>
    <property name="java.library.path" value="/usr/java/packages/lib:/usr/lib64:/lib64:/lib:/usr/lib"/>
    <property name="java.vm.info" value="mixed mode, sharing"/>
    <property name="stderr.encoding" value="UTF-8"/>
    <property name="java.vendor" value="Azul Systems, Inc."/>
    <property name="java.vm.version" value="21.0.3+9-LTS"/>
    <property name="sun.io.unicode.encoding" value="UnicodeLittle"/>
    <property name="java.class.version" value="65.0"/>
    <property name="LOGGED_APPLICATION_NAME" value="[google-calendar-client] "/>
  </properties>
  <testcase name="contextLoads" classname="com.example.google_calendar_client.GoogleCalendarClientApplicationTests" time="0.69">
    <system-out><![CDATA[11:59:28.231 [main] INFO org.springframework.test.context.support.AnnotationConfigContextLoaderUtils -- Could not detect default configuration classes for test class [com.example.google_calendar_client.GoogleCalendarClientApplicationTests]: GoogleCalendarClientApplicationTests does not declare any static, non-private, non-final, nested classes annotated with @Configuration.
11:59:28.326 [main] INFO org.springframework.boot.test.context.SpringBootTestContextBootstrapper -- Found @SpringBootConfiguration com.example.google_calendar_client.GoogleCalendarClientApplication for test class com.example.google_calendar_client.GoogleCalendarClientApplicationTests

  .   ____          _            __ _ _
 /\\ / ___'_ __ _ _(_)_ __  __ _ \ \ \ \
( ( )\___ | '_ | '_| | '_ \/ _` | \ \ \ \
 \\/  ___)| |_)| | | | | || (_| |  ) ) ) )
  '  |____| .__|_| |_|_| |_\__, | / / / /
 =========|_|==============|___/=/_/_/_/

 :: Spring Boot ::                (v3.3.3)

2024-09-19T11:59:28.634-04:00  INFO 3262658 --- [google-calendar-client] [           main] e.g.GoogleCalendarClientApplicationTests : Starting GoogleCalendarClientApplicationTests using Java 21.0.3 with PID 3262658 (started by explorer436 in /home/explorer436/Downloads/GitRepositories/programming-playground/java-playground/my-calendar-utilities/google-calendar-client)
2024-09-19T11:59:28.635-04:00  INFO 3262658 --- [google-calendar-client] [           main] e.g.GoogleCalendarClientApplicationTests : No active profile set, falling back to 1 default profile: "default"
2024-09-19T11:59:29.129-04:00  INFO 3262658 --- [google-calendar-client] [           main] e.g.GoogleCalendarClientApplicationTests : Started GoogleCalendarClientApplicationTests in 0.71 seconds (process running for 1.474)
]]></system-out>
    <system-err><![CDATA[WARNING: A Java agent has been loaded dynamically (/home/explorer436/.m2/repository/net/bytebuddy/byte-buddy-agent/1.14.19/byte-buddy-agent-1.14.19.jar)
WARNING: If a serviceability tool is in use, please run with -XX:+EnableDynamicAgentLoading to hide this warning
WARNING: If a serviceability tool is not in use, please run with -Djdk.instrument.traceUsage for more information
WARNING: Dynamic loading of agents will be disallowed by default in a future release
]]></system-err>
  </testcase>
</testsuite>