<?xml version="1.0" encoding="UTF-8"?>
<testsuite xmlns:xsi="http://www.w3.org/2001/XMLSchema-instance" xsi:noNamespaceSchemaLocation="https://maven.apache.org/surefire/maven-surefire-plugin/xsd/surefire-test-report-3.0.xsd" version="3.0" name="com.my.company.StaticUtilsTests" time="0.844" tests="2" errors="0" skipped="0" failures="0">
  <properties>
    <property name="java.specification.version" value="21"/>
    <property name="sun.jnu.encoding" value="UTF-8"/>
    <property name="java.class.path" value="/home/explorer436/Downloads/GitRepositories/programming-playground/java-playground/testing-examples/mockito-examples/target/test-classes:/home/explorer436/Downloads/GitRepositories/programming-playground/java-playground/testing-examples/mockito-examples/target/classes:/home/explorer436/.m2/repository/org/junit/jupiter/junit-jupiter-api/5.10.2/junit-jupiter-api-5.10.2.jar:/home/explorer436/.m2/repository/org/opentest4j/opentest4j/1.3.0/opentest4j-1.3.0.jar:/home/explorer436/.m2/repository/org/junit/platform/junit-platform-commons/1.10.2/junit-platform-commons-1.10.2.jar:/home/explorer436/.m2/repository/org/apiguardian/apiguardian-api/1.1.2/apiguardian-api-1.1.2.jar:/home/explorer436/.m2/repository/org/mockito/mockito-core/5.12.0/mockito-core-5.12.0.jar:/home/explorer436/.m2/repository/net/bytebuddy/byte-buddy/1.14.15/byte-buddy-1.14.15.jar:/home/explorer436/.m2/repository/net/bytebuddy/byte-buddy-agent/1.14.15/byte-buddy-agent-1.14.15.jar:/home/explorer436/.m2/repository/org/objenesis/objenesis/3.3/objenesis-3.3.jar:"/>
    <property name="java.vm.vendor" value="Azul Systems, Inc."/>
    <property name="sun.arch.data.model" value="64"/>
    <property name="java.vendor.url" value="http://www.azul.com/"/>
    <property name="user.timezone" value="America/New_York"/>
    <property name="os.name" value="Linux"/>
    <property name="java.vm.specification.version" value="21"/>
    <property name="sun.java.launcher" value="SUN_STANDARD"/>
    <property name="user.country" value="US"/>
    <property name="sun.boot.library.path" value="/home/explorer436/.sdkman/candidates/java/21.0.3-zulu/lib"/>
    <property name="sun.java.command" value="/home/explorer436/Downloads/GitRepositories/programming-playground/java-playground/testing-examples/mockito-examples/target/surefire/surefirebooter-20240521163827633_3.jar /home/explorer436/Downloads/GitRepositories/programming-playground/java-playground/testing-examples/mockito-examples/target/surefire 2024-05-21T16-38-27_564-jvmRun1 surefire-20240521163827633_1tmp surefire_0-20240521163827633_2tmp"/>
    <property name="jdk.debug" value="release"/>
    <property name="surefire.test.class.path" value="/home/explorer436/Downloads/GitRepositories/programming-playground/java-playground/testing-examples/mockito-examples/target/test-classes:/home/explorer436/Downloads/GitRepositories/programming-playground/java-playground/testing-examples/mockito-examples/target/classes:/home/explorer436/.m2/repository/org/junit/jupiter/junit-jupiter-api/5.10.2/junit-jupiter-api-5.10.2.jar:/home/explorer436/.m2/repository/org/opentest4j/opentest4j/1.3.0/opentest4j-1.3.0.jar:/home/explorer436/.m2/repository/org/junit/platform/junit-platform-commons/1.10.2/junit-platform-commons-1.10.2.jar:/home/explorer436/.m2/repository/org/apiguardian/apiguardian-api/1.1.2/apiguardian-api-1.1.2.jar:/home/explorer436/.m2/repository/org/mockito/mockito-core/5.12.0/mockito-core-5.12.0.jar:/home/explorer436/.m2/repository/net/bytebuddy/byte-buddy/1.14.15/byte-buddy-1.14.15.jar:/home/explorer436/.m2/repository/net/bytebuddy/byte-buddy-agent/1.14.15/byte-buddy-agent-1.14.15.jar:/home/explorer436/.m2/repository/org/objenesis/objenesis/3.3/objenesis-3.3.jar:"/>
    <property name="sun.cpu.endian" value="little"/>
    <property name="user.home" value="/home/explorer436"/>
    <property name="user.language" value="en"/>
    <property name="java.specification.vendor" value="Oracle Corporation"/>
    <property name="java.version.date" value="2024-04-16"/>
    <property name="java.home" value="/home/explorer436/.sdkman/candidates/java/21.0.3-zulu"/>
    <property name="file.separator" value="/"/>
    <property name="basedir" value="/home/explorer436/Downloads/GitRepositories/programming-playground/java-playground/testing-examples/mockito-examples"/>
    <property name="java.vm.compressedOopsMode" value="Zero based"/>
    <property name="line.separator" value="&#10;"/>
    <property name="java.specification.name" value="Java Platform API Specification"/>
    <property name="java.vm.specification.vendor" value="Oracle Corporation"/>
    <property name="surefire.real.class.path" value="/home/explorer436/Downloads/GitRepositories/programming-playground/java-playground/testing-examples/mockito-examples/target/surefire/surefirebooter-20240521163827633_3.jar"/>
    <property name="sun.management.compiler" value="HotSpot 64-Bit Tiered Compilers"/>
    <property name="java.runtime.version" value="21.0.3+9-LTS"/>
    <property name="user.name" value="explorer436"/>
    <property name="stdout.encoding" value="UTF-8"/>
    <property name="path.separator" value=":"/>
    <property name="os.version" value="6.5.6-arch2-1"/>
    <property name="java.runtime.name" value="OpenJDK Runtime Environment"/>
    <property name="file.encoding" value="UTF-8"/>
    <property name="java.vm.name" value="OpenJDK 64-Bit Server VM"/>
    <property name="java.vendor.version" value="Zulu21.34+19-CA"/>
    <property name="localRepository" value="/home/explorer436/.m2/repository"/>
    <property name="java.vendor.url.bug" value="http://www.azul.com/support/"/>
    <property name="java.io.tmpdir" value="/tmp"/>
    <property name="java.version" value="21.0.3"/>
    <property name="user.dir" value="/home/explorer436/Downloads/GitRepositories/programming-playground/java-playground/testing-examples/mockito-examples"/>
    <property name="os.arch" value="amd64"/>
    <property name="java.vm.specification.name" value="Java Virtual Machine Specification"/>
    <property name="native.encoding" value="UTF-8"/>
    <property name="java.library.path" value="/usr/java/packages/lib:/usr/lib64:/lib64:/lib:/usr/lib"/>
    <property name="java.vm.info" value="mixed mode, sharing"/>
    <property name="stderr.encoding" value="UTF-8"/>
    <property name="java.vendor" value="Azul Systems, Inc."/>
    <property name="java.vm.version" value="21.0.3+9-LTS"/>
    <property name="sun.io.unicode.encoding" value="UnicodeLittle"/>
    <property name="java.class.version" value="65.0"/>
  </properties>
  <testcase name="givenStaticMethodWithArgs_whenMocked_thenReturnsMockSuccessfully" classname="com.my.company.StaticUtilsTests" time="0.817">
    <system-err><![CDATA[WARNING: A Java agent has been loaded dynamically (/home/explorer436/.m2/repository/net/bytebuddy/byte-buddy-agent/1.14.15/byte-buddy-agent-1.14.15.jar)
WARNING: If a serviceability tool is in use, please run with -XX:+EnableDynamicAgentLoading to hide this warning
WARNING: If a serviceability tool is not in use, please run with -Djdk.instrument.traceUsage for more information
WARNING: Dynamic loading of agents will be disallowed by default in a future release
]]></system-err>
  </testcase>
  <testcase name="givenStaticMethodWithNoArgs_whenMocked_thenReturnsMockSuccessfully" classname="com.my.company.StaticUtilsTests" time="0.004"/>
</testsuite>