<?xml version="1.0" encoding="UTF-8"?>
<testsuite xmlns:xsi="http://www.w3.org/2001/XMLSchema-instance" xsi:noNamespaceSchemaLocation="https://maven.apache.org/surefire/maven-surefire-plugin/xsd/surefire-test-report-3.0.xsd" version="3.0" name="com.my.company.builderpattern.BuilderPatternTests" time="0.056" tests="2" errors="0" skipped="0" failures="0">
  <properties>
    <property name="java.specification.version" value="21"/>
    <property name="sun.jnu.encoding" value="UTF-8"/>
    <property name="java.class.path" value="/home/explorer436/Downloads/GitRepositories/programming-playground/java-playground/design-pattern-samples/design-pattern-examples/target/test-classes:/home/explorer436/Downloads/GitRepositories/programming-playground/java-playground/design-pattern-samples/design-pattern-examples/target/classes:/home/explorer436/.m2/repository/org/projectlombok/lombok/1.18.30/lombok-1.18.30.jar:/home/explorer436/.m2/repository/org/springframework/spring-core/6.1.3/spring-core-6.1.3.jar:/home/explorer436/.m2/repository/org/springframework/spring-jcl/5.3.10/spring-jcl-5.3.10.jar:/home/explorer436/.m2/repository/org/springframework/spring-context/6.1.3/spring-context-6.1.3.jar:/home/explorer436/.m2/repository/org/springframework/spring-aop/5.3.10/spring-aop-5.3.10.jar:/home/explorer436/.m2/repository/org/springframework/spring-beans/5.3.10/spring-beans-5.3.10.jar:/home/explorer436/.m2/repository/org/springframework/spring-expression/5.3.10/spring-expression-5.3.10.jar:/home/explorer436/.m2/repository/io/micrometer/micrometer-observation/1.12.2/micrometer-observation-1.12.2.jar:/home/explorer436/.m2/repository/io/micrometer/micrometer-commons/1.12.2/micrometer-commons-1.12.2.jar:/home/explorer436/.m2/repository/org/apache/commons/commons-lang3/3.14.0/commons-lang3-3.14.0.jar:/home/explorer436/.m2/repository/org/junit/jupiter/junit-jupiter-engine/5.7.2/junit-jupiter-engine-5.7.2.jar:/home/explorer436/.m2/repository/org/apiguardian/apiguardian-api/1.1.0/apiguardian-api-1.1.0.jar:/home/explorer436/.m2/repository/org/junit/platform/junit-platform-engine/1.7.2/junit-platform-engine-1.7.2.jar:/home/explorer436/.m2/repository/org/opentest4j/opentest4j/1.2.0/opentest4j-1.2.0.jar:/home/explorer436/.m2/repository/org/junit/platform/junit-platform-commons/1.7.2/junit-platform-commons-1.7.2.jar:/home/explorer436/.m2/repository/org/junit/jupiter/junit-jupiter-api/5.7.2/junit-jupiter-api-5.7.2.jar:"/>
    <property name="java.vm.vendor" value="Azul Systems, Inc."/>
    <property name="sun.arch.data.model" value="64"/>
    <property name="java.vendor.url" value="http://www.azul.com/"/>
    <property name="os.name" value="Linux"/>
    <property name="java.vm.specification.version" value="21"/>
    <property name="sun.java.launcher" value="SUN_STANDARD"/>
    <property name="user.country" value="US"/>
    <property name="sun.boot.library.path" value="/home/explorer436/.sdkman/candidates/java/21.0.3-zulu/lib"/>
    <property name="sun.java.command" value="/home/explorer436/Downloads/GitRepositories/programming-playground/java-playground/design-pattern-samples/design-pattern-examples/target/surefire/surefirebooter-20240925170123336_7.jar /home/explorer436/Downloads/GitRepositories/programming-playground/java-playground/design-pattern-samples/design-pattern-examples/target/surefire 2024-09-25T17-01-15_724-jvmRun1 surefire-20240925170123336_5tmp surefire_1-20240925170123336_6tmp"/>
    <property name="jdk.debug" value="release"/>
    <property name="surefire.test.class.path" value="/home/explorer436/Downloads/GitRepositories/programming-playground/java-playground/design-pattern-samples/design-pattern-examples/target/test-classes:/home/explorer436/Downloads/GitRepositories/programming-playground/java-playground/design-pattern-samples/design-pattern-examples/target/classes:/home/explorer436/.m2/repository/org/projectlombok/lombok/1.18.30/lombok-1.18.30.jar:/home/explorer436/.m2/repository/org/springframework/spring-core/6.1.3/spring-core-6.1.3.jar:/home/explorer436/.m2/repository/org/springframework/spring-jcl/5.3.10/spring-jcl-5.3.10.jar:/home/explorer436/.m2/repository/org/springframework/spring-context/6.1.3/spring-context-6.1.3.jar:/home/explorer436/.m2/repository/org/springframework/spring-aop/5.3.10/spring-aop-5.3.10.jar:/home/explorer436/.m2/repository/org/springframework/spring-beans/5.3.10/spring-beans-5.3.10.jar:/home/explorer436/.m2/repository/org/springframework/spring-expression/5.3.10/spring-expression-5.3.10.jar:/home/explorer436/.m2/repository/io/micrometer/micrometer-observation/1.12.2/micrometer-observation-1.12.2.jar:/home/explorer436/.m2/repository/io/micrometer/micrometer-commons/1.12.2/micrometer-commons-1.12.2.jar:/home/explorer436/.m2/repository/org/apache/commons/commons-lang3/3.14.0/commons-lang3-3.14.0.jar:/home/explorer436/.m2/repository/org/junit/jupiter/junit-jupiter-engine/5.7.2/junit-jupiter-engine-5.7.2.jar:/home/explorer436/.m2/repository/org/apiguardian/apiguardian-api/1.1.0/apiguardian-api-1.1.0.jar:/home/explorer436/.m2/repository/org/junit/platform/junit-platform-engine/1.7.2/junit-platform-engine-1.7.2.jar:/home/explorer436/.m2/repository/org/opentest4j/opentest4j/1.2.0/opentest4j-1.2.0.jar:/home/explorer436/.m2/repository/org/junit/platform/junit-platform-commons/1.7.2/junit-platform-commons-1.7.2.jar:/home/explorer436/.m2/repository/org/junit/jupiter/junit-jupiter-api/5.7.2/junit-jupiter-api-5.7.2.jar:"/>
    <property name="sun.cpu.endian" value="little"/>
    <property name="user.home" value="/home/explorer436"/>
    <property name="user.language" value="en"/>
    <property name="java.specification.vendor" value="Oracle Corporation"/>
    <property name="java.version.date" value="2024-04-16"/>
    <property name="java.home" value="/home/explorer436/.sdkman/candidates/java/21.0.3-zulu"/>
    <property name="file.separator" value="/"/>
    <property name="basedir" value="/home/explorer436/Downloads/GitRepositories/programming-playground/java-playground/design-pattern-samples/design-pattern-examples"/>
    <property name="java.vm.compressedOopsMode" value="Zero based"/>
    <property name="line.separator" value="&#10;"/>
    <property name="java.specification.name" value="Java Platform API Specification"/>
    <property name="java.vm.specification.vendor" value="Oracle Corporation"/>
    <property name="surefire.real.class.path" value="/home/explorer436/Downloads/GitRepositories/programming-playground/java-playground/design-pattern-samples/design-pattern-examples/target/surefire/surefirebooter-20240925170123336_7.jar"/>
    <property name="sun.management.compiler" value="HotSpot 64-Bit Tiered Compilers"/>
    <property name="java.runtime.version" value="21.0.3+9-LTS"/>
    <property name="user.name" value="explorer436"/>
    <property name="stdout.encoding" value="UTF-8"/>
    <property name="path.separator" value=":"/>
    <property name="os.version" value="6.10.6-arch1-1"/>
    <property name="java.runtime.name" value="OpenJDK Runtime Environment"/>
    <property name="file.encoding" value="UTF-8"/>
    <property name="java.vm.name" value="OpenJDK 64-Bit Server VM"/>
    <property name="java.vendor.version" value="Zulu21.34+19-CA"/>
    <property name="localRepository" value="/home/explorer436/.m2/repository"/>
    <property name="java.vendor.url.bug" value="http://www.azul.com/support/"/>
    <property name="java.io.tmpdir" value="/tmp"/>
    <property name="java.version" value="21.0.3"/>
    <property name="user.dir" value="/home/explorer436/Downloads/GitRepositories/programming-playground/java-playground/design-pattern-samples/design-pattern-examples"/>
    <property name="os.arch" value="amd64"/>
    <property name="java.vm.specification.name" value="Java Virtual Machine Specification"/>
    <property name="native.encoding" value="UTF-8"/>
    <property name="java.library.path" value="/usr/java/packages/lib:/usr/lib64:/lib64:/lib:/usr/lib"/>
    <property name="java.vm.info" value="mixed mode, sharing"/>
    <property name="stderr.encoding" value="UTF-8"/>
    <property name="java.vendor" value="Azul Systems, Inc."/>
    <property name="java.vm.version" value="21.0.3+9-LTS"/>
    <property name="sun.io.unicode.encoding" value="UnicodeLittle"/>
    <property name="java.class.version" value="65.0"/>
  </properties>
  <testcase name="test1" classname="com.my.company.builderpattern.BuilderPatternTests" time="0.037">
    <system-out><![CDATA[ConcreteHouseBuilder: Foundation complete...
ConcreteHouseBuilder: Structure complete...
ConcreteHouseBuilder: Roof complete...
ConcreteHouseBuilder: Painting complete...
ConcreteHouseBuilder: Furnishing complete...
ConcreteHouseBuilder: Concrete house complete...
]]></system-out>
  </testcase>
  <testcase name="test2" classname="com.my.company.builderpattern.BuilderPatternTests" time="0.002">
    <system-out><![CDATA[PrefabricatedHouseBuilder: Foundation complete...
PrefabricatedHouseBuilder: Structure complete...
PrefabricatedHouseBuilder: Roof complete...
PrefabricatedHouseBuilder: Painting not required...
PrefabricatedHouseBuilder: Furnishing complete...
PrefabricatedHouseBuilder: Prefabricated house complete...
]]></system-out>
  </testcase>
</testsuite>